<?xml version="1.0" encoding="UTF-8"?>
<testsuite name="SILab2Test" tests="2" skipped="0" failures="0" errors="0" timestamp="2022-05-25T23:53:18" hostname="DESKTOP-A66GIQC" time="0.037">
  <properties/>
  <testcase name="testEveryStatement()" classname="SILab2Test" time="0.033"/>
  <testcase name="testEveryBranch()" classname="SILab2Test" time="0.003"/>
  <system-out><![CDATA[]]></system-out>
  <system-err><![CDATA[]]></system-err>
</testsuite>
